<?xml version="1.0" encoding="UTF-8"?>
<!-- Generated by org.testng.reporters.JUnitReportReporter -->
<testsuite hostname="Jin-PC" name="com.code.test.ibnmsConfig.EnvListTest" tests="8" failures="0" timestamp="17 Aug 2014 14:54:24 GMT" time="157.062" errors="0">
  <testcase name="search" time="3.474" classname="com.code.test.ibnmsConfig.EnvListTest"/>
  <testcase name="operateEnv" time="23.772" classname="com.code.test.ibnmsConfig.EnvListTest"/>
  <testcase name="search" time="3.246" classname="com.code.test.ibnmsConfig.EnvListTest"/>
  <testcase name="operateEnv" time="33.669" classname="com.code.test.ibnmsConfig.EnvListTest"/>
  <testcase name="search" time="24.300" classname="com.code.test.ibnmsConfig.EnvListTest"/>
  <testcase name="search" time="4.557" classname="com.code.test.ibnmsConfig.EnvListTest"/>
  <testcase name="operateEnv" time="31.245" classname="com.code.test.ibnmsConfig.EnvListTest"/>
  <testcase name="operateEnv" time="32.799" classname="com.code.test.ibnmsConfig.EnvListTest"/>
</testsuite> <!-- com.code.test.ibnmsConfig.EnvListTest -->
