<?xml version="1.0" encoding="UTF-8"?>
<!-- Generated by org.testng.reporters.JUnitReportReporter -->
<testsuite hostname="Jin-PC" name="com.code.test.ibnmsConfig.KbpFrameTest" tests="11" failures="0" timestamp="17 Aug 2014 14:54:24 GMT" time="96.627" errors="0">
  <testcase name="searchKBP" time="2.617" classname="com.code.test.ibnmsConfig.KbpFrameTest"/>
  <testcase name="searchKBP" time="2.365" classname="com.code.test.ibnmsConfig.KbpFrameTest"/>
  <testcase name="searchKBPByTree" time="8.442" classname="com.code.test.ibnmsConfig.KbpFrameTest"/>
  <testcase name="operateKBP" time="7.227" classname="com.code.test.ibnmsConfig.KbpFrameTest"/>
  <testcase name="operateKBP" time="15.655" classname="com.code.test.ibnmsConfig.KbpFrameTest"/>
  <testcase name="searchKBPByTree" time="8.973" classname="com.code.test.ibnmsConfig.KbpFrameTest"/>
  <testcase name="operateKBP" time="14.174" classname="com.code.test.ibnmsConfig.KbpFrameTest"/>
  <testcase name="searchKBP" time="3.463" classname="com.code.test.ibnmsConfig.KbpFrameTest"/>
  <testcase name="operateKBP" time="28.663" classname="com.code.test.ibnmsConfig.KbpFrameTest"/>
  <testcase name="searchKBP" time="2.361" classname="com.code.test.ibnmsConfig.KbpFrameTest"/>
  <testcase name="searchKBP" time="2.687" classname="com.code.test.ibnmsConfig.KbpFrameTest"/>
</testsuite> <!-- com.code.test.ibnmsConfig.KbpFrameTest -->
