<?xml version="1.0" encoding="UTF-8"?>
<!-- Generated by org.testng.reporters.JUnitReportReporter -->
<testsuite hostname="Jin-PC" name="com.code.test.ibnmsConfig.KpiFrameTest" tests="10" failures="0" timestamp="17 Aug 2014 14:54:24 GMT" time="128.709" errors="0">
  <testcase name="operateKPI" time="20.749" classname="com.code.test.ibnmsConfig.KpiFrameTest"/>
  <testcase name="operateKPI" time="8.522" classname="com.code.test.ibnmsConfig.KpiFrameTest"/>
  <testcase name="searchKPI" time="2.649" classname="com.code.test.ibnmsConfig.KpiFrameTest"/>
  <testcase name="searchKPI" time="2.427" classname="com.code.test.ibnmsConfig.KpiFrameTest"/>
  <testcase name="searchKPI" time="3.291" classname="com.code.test.ibnmsConfig.KpiFrameTest"/>
  <testcase name="operateKPI" time="28.085" classname="com.code.test.ibnmsConfig.KpiFrameTest"/>
  <testcase name="searchKPIByTree" time="9.511" classname="com.code.test.ibnmsConfig.KpiFrameTest"/>
  <testcase name="operateKPI" time="21.504" classname="com.code.test.ibnmsConfig.KpiFrameTest"/>
  <testcase name="searchKPIByTree" time="29.297" classname="com.code.test.ibnmsConfig.KpiFrameTest"/>
  <testcase name="searchKPI" time="2.674" classname="com.code.test.ibnmsConfig.KpiFrameTest"/>
</testsuite> <!-- com.code.test.ibnmsConfig.KpiFrameTest -->
