<?xml version="1.0" encoding="UTF-8"?>
<!-- Generated by org.testng.reporters.JUnitReportReporter -->
<testsuite hostname="Jin-PC" name="com.code.test.ibnmsConfig.ResFrameTest" tests="15" failures="0" timestamp="17 Aug 2014 14:54:24 GMT" time="164.396" errors="0">
  <testcase name="operateRes" time="9.248" classname="com.code.test.ibnmsConfig.ResFrameTest"/>
  <testcase name="operateRes" time="12.862" classname="com.code.test.ibnmsConfig.ResFrameTest"/>
  <testcase name="operateRes" time="12.997" classname="com.code.test.ibnmsConfig.ResFrameTest"/>
  <testcase name="searchRes" time="3.143" classname="com.code.test.ibnmsConfig.ResFrameTest"/>
  <testcase name="operateRes" time="15.548" classname="com.code.test.ibnmsConfig.ResFrameTest"/>
  <testcase name="searchRes" time="2.486" classname="com.code.test.ibnmsConfig.ResFrameTest"/>
  <testcase name="operateRes" time="17.205" classname="com.code.test.ibnmsConfig.ResFrameTest"/>
  <testcase name="operateRes" time="29.077" classname="com.code.test.ibnmsConfig.ResFrameTest"/>
  <testcase name="operateRes" time="11.952" classname="com.code.test.ibnmsConfig.ResFrameTest"/>
  <testcase name="searchResByTree" time="8.238" classname="com.code.test.ibnmsConfig.ResFrameTest"/>
  <testcase name="searchRes" time="2.334" classname="com.code.test.ibnmsConfig.ResFrameTest"/>
  <testcase name="searchRes" time="25.833" classname="com.code.test.ibnmsConfig.ResFrameTest"/>
  <testcase name="searchRes" time="2.640" classname="com.code.test.ibnmsConfig.ResFrameTest"/>
  <testcase name="searchResByTree" time="7.846" classname="com.code.test.ibnmsConfig.ResFrameTest"/>
  <testcase name="searchRes" time="2.987" classname="com.code.test.ibnmsConfig.ResFrameTest"/>
</testsuite> <!-- com.code.test.ibnmsConfig.ResFrameTest -->
