<?xml version="1.0" encoding="UTF-8"?>
<!-- Generated by org.testng.reporters.JUnitReportReporter -->
<testsuite hostname="Jin-PC" name="com.code.test.ibnmsConfig.LoginPageTest" tests="1" failures="0" timestamp="17 Aug 2014 14:54:24 GMT" time="6.009" errors="0">
  <testcase name="login" time="6.009" classname="com.code.test.ibnmsConfig.LoginPageTest"/>
</testsuite> <!-- com.code.test.ibnmsConfig.LoginPageTest -->
